sonikishan9737@gmail.com/android/app/build/intermediates/manifest_merge_blame_file/debug/manifest-merger-blame-debug-report.txt
1<?xml version="1.0" encoding="utf-8"?>
2<manifest xmlns:android="http://schemas.android.com/apk/res/android"
3    package="com.simcoder.uber"
4    android:versionCode="1"
5    android:versionName="2.0" >
6
7    <uses-sdk
8        android:minSdkVersion="21"
8-->src\main\AndroidManifest.xml
9        android:targetSdkVersion="29" />
9-->src\main\AndroidManifest.xml
10
11    <!--
12         The ACCESS_COARSE/FINE_LOCATION permissions are not required to use
13         Google Maps Android API v2, but you must specify either coarse or fine
14         location permissions for the "MyLocation" functionality.
15    -->
16    <uses-permission android:name="android.permission.ACCESS_FINE_LOCATION" />
16-->src\main\AndroidManifest.xml:11:5-79
16-->src\main\AndroidManifest.xml:11:22-76
17    <uses-permission android:name="android.permission.ACCESS_COARSE_LOCATION" />
17-->src\main\AndroidManifest.xml:12:5-81
17-->src\main\AndroidManifest.xml:12:22-78
18    <uses-permission android:name="android.permission.ACCESS_BACKGROUND_LOCATION" />
18-->src\main\AndroidManifest.xml:13:5-85
18-->src\main\AndroidManifest.xml:13:22-82
19    <uses-permission android:name="android.permission.CALL_PHONE" />
19-->src\main\AndroidManifest.xml:14:5-69
19-->src\main\AndroidManifest.xml:14:22-66
20    <uses-permission android:name="android.permission.INTERNET" />
20-->src\main\AndroidManifest.xml:15:5-67
20-->src\main\AndroidManifest.xml:15:22-64
21    <uses-permission android:name="android.permission.READ_EXTERNAL_STORAGE" />
21-->src\main\AndroidManifest.xml:16:5-80
21-->src\main\AndroidManifest.xml:16:22-77
22    <uses-permission android:name="android.permission.VIBRATE" />
22-->src\main\AndroidManifest.xml:17:5-66
22-->src\main\AndroidManifest.xml:17:22-63
23
24    <uses-feature
24-->src\main\AndroidManifest.xml:19:5-21:35
25        android:glEsVersion="0x00020000"
25-->src\main\AndroidManifest.xml:20:9-41
26        android:required="true" />
26-->src\main\AndroidManifest.xml:21:9-32
27    <uses-feature android:name="android.hardware.screen.portrait" />
27-->src\main\AndroidManifest.xml:22:5-69
27-->src\main\AndroidManifest.xml:22:19-66
28
29    <uses-permission android:name="android.permission.ACCESS_WIFI_STATE" /> <!-- Although the *SdkVersion is captured in gradle build files, this is required for non gradle builds -->
29-->[com.github.rtchagas:pingplacepicker:1.1.2] AndroidManifest.xml:17:5-76
29-->[com.github.rtchagas:pingplacepicker:1.1.2] AndroidManifest.xml:17:22-73
30    <!-- <uses-sdk android:minSdkVersion="14"/> -->
31    <uses-permission android:name="android.permission.ACCESS_NETWORK_STATE" /> <!-- Create a unique permission for your app and use it so only your app can receive your OneSignal messages. -->
31-->[com.google.firebase:firebase-database:19.7.0] AndroidManifest.xml:25:5-79
31-->[com.google.firebase:firebase-database:19.7.0] AndroidManifest.xml:25:22-76
32    <permission
32-->[com.onesignal:OneSignal:3.15.4] AndroidManifest.xml:7:5-9:47
33        android:name="com.simcoder.uber.permission.C2D_MESSAGE"
33-->[com.onesignal:OneSignal:3.15.4] AndroidManifest.xml:8:9-63
34        android:protectionLevel="signature" />
34-->[com.onesignal:OneSignal:3.15.4] AndroidManifest.xml:9:9-44
35
36    <uses-permission android:name="com.simcoder.uber.permission.C2D_MESSAGE" />
36-->[com.onesignal:OneSignal:3.15.4] AndroidManifest.xml:11:5-79
36-->[com.onesignal:OneSignal:3.15.4] AndroidManifest.xml:11:22-76
37    <uses-permission android:name="com.google.android.c2dm.permission.RECEIVE" /> <!-- Required, makes sure notifications are delivered on time. -->
37-->[com.onesignal:OneSignal:3.15.4] AndroidManifest.xml:17:5-82
37-->[com.onesignal:OneSignal:3.15.4] AndroidManifest.xml:17:22-79
38    <uses-permission android:name="android.permission.WAKE_LOCK" />
38-->[com.onesignal:OneSignal:3.15.4] AndroidManifest.xml:18:5-68
38-->[com.onesignal:OneSignal:3.15.4] AndroidManifest.xml:18:22-65
39    <!--
40 Use to restore notifications the user hasn't interacted with.
41         They could be missed notifications if the user reboots their device if this isn't in place.
42    -->
43    <uses-permission android:name="android.permission.RECEIVE_BOOT_COMPLETED" /> <!-- START: ShortcutBadger -->
43-->[com.onesignal:OneSignal:3.15.4] AndroidManifest.xml:29:5-81
43-->[com.onesignal:OneSignal:3.15.4] AndroidManifest.xml:29:22-78
44    <!-- Samsung -->
45    <uses-permission android:name="com.sec.android.provider.badge.permission.READ" />
45-->[com.onesignal:OneSignal:3.15.4] AndroidManifest.xml:31:5-86
45-->[com.onesignal:OneSignal:3.15.4] AndroidManifest.xml:31:22-83
46    <uses-permission android:name="com.sec.android.provider.badge.permission.WRITE" /> <!-- HTC -->
46-->[com.onesignal:OneSignal:3.15.4] AndroidManifest.xml:32:5-87
46-->[com.onesignal:OneSignal:3.15.4] AndroidManifest.xml:32:22-84
47    <uses-permission android:name="com.htc.launcher.permission.READ_SETTINGS" />
47-->[com.onesignal:OneSignal:3.15.4] AndroidManifest.xml:33:5-81
47-->[com.onesignal:OneSignal:3.15.4] AndroidManifest.xml:33:22-78
48    <uses-permission android:name="com.htc.launcher.permission.UPDATE_SHORTCUT" /> <!-- Sony -->
48-->[com.onesignal:OneSignal:3.15.4] AndroidManifest.xml:34:5-83
48-->[com.onesignal:OneSignal:3.15.4] AndroidManifest.xml:34:22-80
49    <uses-permission android:name="com.sonyericsson.home.permission.BROADCAST_BADGE" />
49-->[com.onesignal:OneSignal:3.15.4] AndroidManifest.xml:35:5-88
49-->[com.onesignal:OneSignal:3.15.4] AndroidManifest.xml:35:22-85
50    <uses-permission android:name="com.sonymobile.home.permission.PROVIDER_INSERT_BADGE" /> <!-- Apex -->
50-->[com.onesignal:OneSignal:3.15.4] AndroidManifest.xml:36:5-92
50-->[com.onesignal:OneSignal:3.15.4] AndroidManifest.xml:36:22-89
51    <uses-permission android:name="com.anddoes.launcher.permission.UPDATE_COUNT" /> <!-- Solid -->
51-->[com.onesignal:OneSignal:3.15.4] AndroidManifest.xml:37:5-84
51-->[com.onesignal:OneSignal:3.15.4] AndroidManifest.xml:37:22-81
52    <uses-permission android:name="com.majeur.launcher.permission.UPDATE_BADGE" /> <!-- Huawei -->
52-->[com.onesignal:OneSignal:3.15.4] AndroidManifest.xml:38:5-83
52-->[com.onesignal:OneSignal:3.15.4] AndroidManifest.xml:38:22-80
53    <uses-permission android:name="com.huawei.android.launcher.permission.CHANGE_BADGE" />
53-->[com.onesignal:OneSignal:3.15.4] AndroidManifest.xml:39:5-91
53-->[com.onesignal:OneSignal:3.15.4] AndroidManifest.xml:39:22-88
54    <uses-permission android:name="com.huawei.android.launcher.permission.READ_SETTINGS" />
54-->[com.onesignal:OneSignal:3.15.4] AndroidManifest.xml:40:5-92
54-->[com.onesignal:OneSignal:3.15.4] AndroidManifest.xml:40:22-89
55    <uses-permission android:name="com.huawei.android.launcher.permission.WRITE_SETTINGS" /> <!-- ZUK -->
55-->[com.onesignal:OneSignal:3.15.4] AndroidManifest.xml:41:5-93
55-->[com.onesignal:OneSignal:3.15.4] AndroidManifest.xml:41:22-90
56    <uses-permission android:name="android.permission.READ_APP_BADGE" /> <!-- OPPO -->
56-->[com.onesignal:OneSignal:3.15.4] AndroidManifest.xml:42:5-73
56-->[com.onesignal:OneSignal:3.15.4] AndroidManifest.xml:42:22-70
57    <uses-permission android:name="com.oppo.launcher.permission.READ_SETTINGS" />
57-->[com.onesignal:OneSignal:3.15.4] AndroidManifest.xml:43:5-82
57-->[com.onesignal:OneSignal:3.15.4] AndroidManifest.xml:43:22-79
58    <uses-permission android:name="com.oppo.launcher.permission.WRITE_SETTINGS" /> <!-- EvMe -->
58-->[com.onesignal:OneSignal:3.15.4] AndroidManifest.xml:44:5-83
58-->[com.onesignal:OneSignal:3.15.4] AndroidManifest.xml:44:22-80
59    <uses-permission android:name="me.everything.badger.permission.BADGE_COUNT_READ" />
59-->[com.onesignal:OneSignal:3.15.4] AndroidManifest.xml:45:5-88
59-->[com.onesignal:OneSignal:3.15.4] AndroidManifest.xml:45:22-85
60    <uses-permission android:name="me.everything.badger.permission.BADGE_COUNT_WRITE" />
60-->[com.onesignal:OneSignal:3.15.4] AndroidManifest.xml:46:5-89
60-->[com.onesignal:OneSignal:3.15.4] AndroidManifest.xml:46:22-86
61    <uses-permission android:name="android.permission.CAMERA" />
61-->[io.card:android-sdk:5.5.1] AndroidManifest.xml:9:5-65
61-->[io.card:android-sdk:5.5.1] AndroidManifest.xml:9:22-62
62
63    <uses-feature
63-->[io.card:android-sdk:5.5.1] AndroidManifest.xml:12:5-14:36
64        android:name="android.hardware.camera"
64-->[io.card:android-sdk:5.5.1] AndroidManifest.xml:13:9-47
65        android:required="false" />
65-->[io.card:android-sdk:5.5.1] AndroidManifest.xml:14:9-33
66    <uses-feature
66-->[io.card:android-sdk:5.5.1] AndroidManifest.xml:15:5-17:36
67        android:name="android.hardware.camera.autofocus"
67-->[io.card:android-sdk:5.5.1] AndroidManifest.xml:16:9-57
68        android:required="false" />
68-->[io.card:android-sdk:5.5.1] AndroidManifest.xml:17:9-33
69
70    <application
70-->src\main\AndroidManifest.xml:24:5-87:19
71        android:appComponentFactory="androidx.core.app.CoreComponentFactory"
71-->[androidx.core:core:1.3.2] AndroidManifest.xml:24:18-86
72        android:debuggable="true"
73        android:icon="@mipmap/ic_launcher"
73-->src\main\AndroidManifest.xml:25:9-43
74        android:label="@string/app_name"
74-->src\main\AndroidManifest.xml:26:9-41
75        android:roundIcon="@mipmap/ic_launcher_round"
75-->src\main\AndroidManifest.xml:27:9-54
76        android:supportsRtl="true"
76-->[com.facebook.android:facebook-login:5.13.0] AndroidManifest.xml:28:18-44
77        android:testOnly="true"
78        android:theme="@style/AppTheme.NoActionBar" >
78-->src\main\AndroidManifest.xml:28:9-52
79
80        <!--
81             The API key for Google Maps-based APIs is defined as a string resource.
82             (See the file "res/values/google_maps_api.xml").
83             Note that the API key is linked to the encryption key used to sign the APK.
84             You need a different API key for each encryption key, including the release key that is used to
85             sign the APK for publishing.
86             You can define the keys for the debug and release targets in src/debug/ and src/release/.
87        -->
88        <meta-data
88-->src\main\AndroidManifest.xml:39:9-41:55
89            android:name="com.google.android.geo.API_KEY"
89-->src\main\AndroidManifest.xml:40:13-58
90            android:value="@string/google_maps_key" />
90-->src\main\AndroidManifest.xml:41:13-52
91
92        <activity android:name="com.simcoder.uber.Driver.DriverChooseTypeActivity" />
92-->src\main\AndroidManifest.xml:43:9-86
92-->src\main\AndroidManifest.xml:43:19-83
93        <activity android:name="com.simcoder.uber.Payment.PaymentActivity" />
93-->src\main\AndroidManifest.xml:44:9-78
93-->src\main\AndroidManifest.xml:44:19-75
94        <activity android:name="com.simcoder.uber.Payment.PayoutActivity" />
94-->src\main\AndroidManifest.xml:45:9-77
94-->src\main\AndroidManifest.xml:45:19-74
95        <activity android:name="com.simcoder.uber.Payment.AddPaymentActivity" />
95-->src\main\AndroidManifest.xml:46:9-81
95-->src\main\AndroidManifest.xml:46:19-78
96        <activity android:name="com.simcoder.uber.Login.DetailsActivity" />
96-->src\main\AndroidManifest.xml:47:9-76
96-->src\main\AndroidManifest.xml:47:19-73
97
98        <uses-library
98-->src\main\AndroidManifest.xml:49:9-51:40
99            android:name="org.apache.http.legacy"
99-->src\main\AndroidManifest.xml:50:13-50
100            android:required="false" />
100-->src\main\AndroidManifest.xml:51:13-37
101        <uses-library android:name="com.google.android.maps" />
101-->src\main\AndroidManifest.xml:52:9-64
101-->src\main\AndroidManifest.xml:52:23-61
102
103        <activity
103-->src\main\AndroidManifest.xml:54:9-62:20
104            android:name="com.simcoder.uber.Login.LauncherActivity"
104-->src\main\AndroidManifest.xml:55:13-68
105            android:screenOrientation="portrait" >
105-->src\main\AndroidManifest.xml:56:13-49
106            <intent-filter>
106-->src\main\AndroidManifest.xml:57:13-61:29
107                <action android:name="android.intent.action.MAIN" />
107-->src\main\AndroidManifest.xml:58:17-69
107-->src\main\AndroidManifest.xml:58:25-66
108
109                <category android:name="android.intent.category.LAUNCHER" />
109-->src\main\AndroidManifest.xml:60:17-77
109-->src\main\AndroidManifest.xml:60:27-74
110            </intent-filter>
111        </activity>
112        <activity
112-->src\main\AndroidManifest.xml:63:9-65:52
113            android:name="com.simcoder.uber.Login.AuthenticationActivity"
113-->src\main\AndroidManifest.xml:64:13-74
114            android:screenOrientation="portrait" />
114-->src\main\AndroidManifest.xml:65:13-49
115        <activity
115-->src\main\AndroidManifest.xml:66:9-68:52
116            android:name="com.simcoder.uber.Customer.CustomerMapActivity"
116-->src\main\AndroidManifest.xml:67:13-74
117            android:screenOrientation="portrait" />
117-->src\main\AndroidManifest.xml:68:13-49
118        <activity
118-->src\main\AndroidManifest.xml:69:9-71:52
119            android:name="com.simcoder.uber.Customer.CustomerSettingsActivity"
119-->src\main\AndroidManifest.xml:70:13-79
120            android:screenOrientation="portrait" />
120-->src\main\AndroidManifest.xml:71:13-49
121        <activity
121-->src\main\AndroidManifest.xml:72:9-74:52
122            android:name="com.simcoder.uber.Driver.DriverSettingsActivity"
122-->src\main\AndroidManifest.xml:73:13-75
123            android:screenOrientation="portrait" />
123-->src\main\AndroidManifest.xml:74:13-49
124        <activity
124-->src\main\AndroidManifest.xml:75:9-77:52
125            android:name="com.simcoder.uber.History.HistoryActivity"
125-->src\main\AndroidManifest.xml:76:13-69
126            android:screenOrientation="portrait" />
126-->src\main\AndroidManifest.xml:77:13-49
127        <activity
127-->src\main\AndroidManifest.xml:78:9-80:52
128            android:name="com.simcoder.uber.History.HistorySingleActivity"
128-->src\main\AndroidManifest.xml:79:13-75
129            android:screenOrientation="portrait" />
129-->src\main\AndroidManifest.xml:80:13-49
130        <activity
130-->src\main\AndroidManifest.xml:81:9-84:59
131            android:name="com.simcoder.uber.Driver.DriverMapActivity"
131-->src\main\AndroidManifest.xml:82:13-70
132            android:screenOrientation="portrait"
132-->src\main\AndroidManifest.xml:83:13-49
133            android:theme="@style/AppTheme.NoActionBar" />
133-->src\main\AndroidManifest.xml:84:13-56
134
135        <service android:name="com.simcoder.uber.Utils.onAppKilled" />
135-->src\main\AndroidManifest.xml:86:9-71
135-->src\main\AndroidManifest.xml:86:18-68
136
137        <activity
137-->[com.stripe:stripe-android:13.1.3] AndroidManifest.xml:12:9-14:57
138            android:name="com.stripe.android.view.AddPaymentMethodActivity"
138-->[com.stripe:stripe-android:13.1.3] AndroidManifest.xml:13:13-76
139            android:theme="@style/StripeDefaultTheme" />
139-->[com.stripe:stripe-android:13.1.3] AndroidManifest.xml:14:13-54
140        <activity
140-->[com.stripe:stripe-android:13.1.3] AndroidManifest.xml:15:9-17:57
141            android:name="com.stripe.android.view.PaymentMethodsActivity"
141-->[com.stripe:stripe-android:13.1.3] AndroidManifest.xml:16:13-74
142            android:theme="@style/StripeDefaultTheme" />
142-->[com.stripe:stripe-android:13.1.3] AndroidManifest.xml:17:13-54
143        <activity
143-->[com.stripe:stripe-android:13.1.3] AndroidManifest.xml:18:9-20:57
144            android:name="com.stripe.android.view.PaymentFlowActivity"
144-->[com.stripe:stripe-android:13.1.3] AndroidManifest.xml:19:13-71
145            android:theme="@style/StripeDefaultTheme" />
145-->[com.stripe:stripe-android:13.1.3] AndroidManifest.xml:20:13-54
146        <activity
146-->[com.stripe:stripe-android:13.1.3] AndroidManifest.xml:21:9-23:57
147            android:name="com.stripe.android.view.PaymentAuthWebViewActivity"
147-->[com.stripe:stripe-android:13.1.3] AndroidManifest.xml:22:13-78
148            android:theme="@style/StripeDefaultTheme" />
148-->[com.stripe:stripe-android:13.1.3] AndroidManifest.xml:23:13-54
149        <activity
149-->[com.stripe:stripe-android:13.1.3] AndroidManifest.xml:24:9-26:57
150            android:name="com.stripe.android.view.PaymentRelayActivity"
150-->[com.stripe:stripe-android:13.1.3] AndroidManifest.xml:25:13-72
151            android:theme="@style/StripeDefaultTheme" />
151-->[com.stripe:stripe-android:13.1.3] AndroidManifest.xml:26:13-54
152        <activity
152-->[com.github.rtchagas:pingplacepicker:1.1.2] AndroidManifest.xml:20:9-23:57
153            android:name="com.rtchagas.pingplacepicker.ui.PlacePickerActivity"
153-->[com.github.rtchagas:pingplacepicker:1.1.2] AndroidManifest.xml:21:13-79
154            android:launchMode="singleTop"
154-->[com.github.rtchagas:pingplacepicker:1.1.2] AndroidManifest.xml:22:13-43
155            android:theme="@style/PingTheme.NoStatus" />
155-->[com.github.rtchagas:pingplacepicker:1.1.2] AndroidManifest.xml:23:13-54
156
157        <meta-data
157-->[com.github.rtchagas:pingplacepicker:1.1.2] AndroidManifest.xml:29:9-31:69
158            android:name="com.google.android.gms.version"
158-->[com.github.rtchagas:pingplacepicker:1.1.2] AndroidManifest.xml:30:13-58
159            android:value="@integer/google_play_services_version" />
159-->[com.github.rtchagas:pingplacepicker:1.1.2] AndroidManifest.xml:31:13-66
160
161        <activity
161-->[com.stripe:stripe-3ds2-android:2.2.7] AndroidManifest.xml:12:9-14:54
162            android:name="com.stripe.android.stripe3ds2.views.ChallengeActivity"
162-->[com.stripe:stripe-3ds2-android:2.2.7] AndroidManifest.xml:13:13-81
163            android:theme="@style/Stripe3DS2Theme" />
163-->[com.stripe:stripe-3ds2-android:2.2.7] AndroidManifest.xml:14:13-51
164        <activity
164-->[com.stripe:stripe-3ds2-android:2.2.7] AndroidManifest.xml:15:9-17:54
165            android:name="com.stripe.android.stripe3ds2.views.ChallengeProgressDialogActivity"
165-->[com.stripe:stripe-3ds2-android:2.2.7] AndroidManifest.xml:16:13-95
166            android:theme="@style/Stripe3DS2Theme" />
166-->[com.stripe:stripe-3ds2-android:2.2.7] AndroidManifest.xml:17:13-51
167        <activity
167-->[com.karumi:dexter:5.0.0] AndroidManifest.xml:27:9-29:72
168            android:name="com.karumi.dexter.DexterActivity"
168-->[com.karumi:dexter:5.0.0] AndroidManifest.xml:28:13-60
169            android:theme="@style/Dexter.Internal.Theme.Transparent" />
169-->[com.karumi:dexter:5.0.0] AndroidManifest.xml:29:13-69
170        <activity
170-->[com.google.android.libraries.places:places:2.4.0] AndroidManifest.xml:14:9-20:20
171            android:name="com.google.android.libraries.places.widget.AutocompleteActivity"
171-->[com.google.android.libraries.places:places:2.4.0] AndroidManifest.xml:15:13-91
172            android:exported="false"
172-->[com.google.android.libraries.places:places:2.4.0] AndroidManifest.xml:16:13-37
173            android:label="@string/places_autocomplete_label"
173-->[com.google.android.libraries.places:places:2.4.0] AndroidManifest.xml:17:13-62
174            android:theme="@style/PlacesAutocompleteOverlay"
174-->[com.google.android.libraries.places:places:2.4.0] AndroidManifest.xml:18:13-61
175            android:windowSoftInputMode="adjustResize" >
175-->[com.google.android.libraries.places:places:2.4.0] AndroidManifest.xml:19:13-55
176        </activity>
177        <activity
177-->[com.facebook.android:facebook-common:5.13.0] AndroidManifest.xml:29:9-32:66
178            android:name="com.facebook.FacebookActivity"
178-->[com.facebook.android:facebook-common:5.13.0] AndroidManifest.xml:30:13-57
179            android:configChanges="keyboard|keyboardHidden|screenLayout|screenSize|orientation"
179-->[com.facebook.android:facebook-common:5.13.0] AndroidManifest.xml:31:13-96
180            android:theme="@style/com_facebook_activity_theme" />
180-->[com.facebook.android:facebook-common:5.13.0] AndroidManifest.xml:32:13-63
181        <activity android:name="com.facebook.CustomTabMainActivity" />
181-->[com.facebook.android:facebook-common:5.13.0] AndroidManifest.xml:33:9-71
181-->[com.facebook.android:facebook-common:5.13.0] AndroidManifest.xml:33:19-68
182        <activity android:name="com.facebook.CustomTabActivity" />
182-->[com.facebook.android:facebook-common:5.13.0] AndroidManifest.xml:34:9-67
182-->[com.facebook.android:facebook-common:5.13.0] AndroidManifest.xml:34:19-64
183
184        <service
184-->[com.google.firebase:firebase-database:19.7.0] AndroidManifest.xml:29:9-35:19
185            android:name="com.google.firebase.components.ComponentDiscoveryService"
185-->[com.google.firebase:firebase-database:19.7.0] AndroidManifest.xml:30:13-84
186            android:directBootAware="true"
186-->[com.google.firebase:firebase-common:19.5.0] AndroidManifest.xml:35:13-43
187            android:exported="false" >
187-->[com.google.firebase:firebase-database:19.7.0] AndroidManifest.xml:31:13-37
188            <meta-data
188-->[com.google.firebase:firebase-database:19.7.0] AndroidManifest.xml:32:13-34:85
189                android:name="com.google.firebase.components:com.google.firebase.database.DatabaseRegistrar"
189-->[com.google.firebase:firebase-database:19.7.0] AndroidManifest.xml:33:17-109
190                android:value="com.google.firebase.components.ComponentRegistrar" />
190-->[com.google.firebase:firebase-database:19.7.0] AndroidManifest.xml:34:17-82
191            <meta-data
191-->[com.google.firebase:firebase-auth:20.0.4] AndroidManifest.xml:77:13-79:85
192                android:name="com.google.firebase.components:com.google.firebase.auth.FirebaseAuthRegistrar"
192-->[com.google.firebase:firebase-auth:20.0.4] AndroidManifest.xml:78:17-109
193                android:value="com.google.firebase.components.ComponentRegistrar" />
193-->[com.google.firebase:firebase-auth:20.0.4] AndroidManifest.xml:79:17-82
194            <meta-data
194-->[com.google.firebase:firebase-storage:19.2.2] AndroidManifest.xml:33:13-35:85
195                android:name="com.google.firebase.components:com.google.firebase.storage.StorageRegistrar"
195-->[com.google.firebase:firebase-storage:19.2.2] AndroidManifest.xml:34:17-107
196                android:value="com.google.firebase.components.ComponentRegistrar" />
196-->[com.google.firebase:firebase-storage:19.2.2] AndroidManifest.xml:35:17-82
197            <meta-data
197-->[com.google.firebase:firebase-iid:17.0.3] AndroidManifest.xml:32:13-34:85
198                android:name="com.google.firebase.components:com.google.firebase.iid.Registrar"
198-->[com.google.firebase:firebase-iid:17.0.3] AndroidManifest.xml:33:17-96
199                android:value="com.google.firebase.components.ComponentRegistrar" />
199-->[com.google.firebase:firebase-iid:17.0.3] AndroidManifest.xml:34:17-82
200            <!--
201                This registrar is not defined in the dynamic-module-support sdk itself to allow non-firebase
202                clients to use it as well, by defining this registrar in their own core/common library.
203            -->
204            <meta-data
204-->[com.google.firebase:firebase-common:19.5.0] AndroidManifest.xml:43:13-45:85
205                android:name="com.google.firebase.components:com.google.firebase.dynamicloading.DynamicLoadingRegistrar"
205-->[com.google.firebase:firebase-common:19.5.0] AndroidManifest.xml:44:17-121
206                android:value="com.google.firebase.components.ComponentRegistrar" />
206-->[com.google.firebase:firebase-common:19.5.0] AndroidManifest.xml:45:17-82
207        </service>
208
209        <activity
209-->[com.google.firebase:firebase-auth:20.0.4] AndroidManifest.xml:27:9-44:20
210            android:name="com.google.firebase.auth.internal.GenericIdpActivity"
210-->[com.google.firebase:firebase-auth:20.0.4] AndroidManifest.xml:28:13-80
211            android:excludeFromRecents="true"
211-->[com.google.firebase:firebase-auth:20.0.4] AndroidManifest.xml:29:13-46
212            android:exported="true"
212-->[com.google.firebase:firebase-auth:20.0.4] AndroidManifest.xml:30:13-36
213            android:launchMode="singleTask"
213-->[com.google.firebase:firebase-auth:20.0.4] AndroidManifest.xml:31:13-44
214            android:theme="@android:style/Theme.Translucent.NoTitleBar" >
214-->[com.google.firebase:firebase-auth:20.0.4] AndroidManifest.xml:32:13-72
215            <intent-filter>
215-->[com.google.firebase:firebase-auth:20.0.4] AndroidManifest.xml:33:13-43:29
216                <action android:name="android.intent.action.VIEW" />
216-->[com.google.firebase:firebase-auth:20.0.4] AndroidManifest.xml:34:17-69
216-->[com.google.firebase:firebase-auth:20.0.4] AndroidManifest.xml:34:25-66
217
218                <category android:name="android.intent.category.DEFAULT" />
218-->[com.google.firebase:firebase-auth:20.0.4] AndroidManifest.xml:36:17-76
218-->[com.google.firebase:firebase-auth:20.0.4] AndroidManifest.xml:36:27-73
219                <category android:name="android.intent.category.BROWSABLE" />
219-->[com.google.firebase:firebase-auth:20.0.4] AndroidManifest.xml:37:17-78
219-->[com.google.firebase:firebase-auth:20.0.4] AndroidManifest.xml:37:27-75
220
221                <data
221-->[com.google.firebase:firebase-auth:20.0.4] AndroidManifest.xml:39:17-42:51
222                    android:host="firebase.auth"
222-->[com.google.firebase:firebase-auth:20.0.4] AndroidManifest.xml:40:21-49
223                    android:path="/"
223-->[com.google.firebase:firebase-auth:20.0.4] AndroidManifest.xml:41:21-37
224                    android:scheme="genericidp" />
224-->[com.google.firebase:firebase-auth:20.0.4] AndroidManifest.xml:42:21-48
225            </intent-filter>
226        </activity>
227        <activity
227-->[com.google.firebase:firebase-auth:20.0.4] AndroidManifest.xml:45:9-62:20
228            android:name="com.google.firebase.auth.internal.RecaptchaActivity"
228-->[com.google.firebase:firebase-auth:20.0.4] AndroidManifest.xml:46:13-79
229            android:excludeFromRecents="true"
229-->[com.google.firebase:firebase-auth:20.0.4] AndroidManifest.xml:47:13-46
230            android:exported="true"
230-->[com.google.firebase:firebase-auth:20.0.4] AndroidManifest.xml:48:13-36
231            android:launchMode="singleTask"
231-->[com.google.firebase:firebase-auth:20.0.4] AndroidManifest.xml:49:13-44
232            android:theme="@android:style/Theme.Translucent.NoTitleBar" >
232-->[com.google.firebase:firebase-auth:20.0.4] AndroidManifest.xml:50:13-72
233            <intent-filter>
233-->[com.google.firebase:firebase-auth:20.0.4] AndroidManifest.xml:51:13-61:29
234                <action android:name="android.intent.action.VIEW" />
234-->[com.google.firebase:firebase-auth:20.0.4] AndroidManifest.xml:34:17-69
234-->[com.google.firebase:firebase-auth:20.0.4] AndroidManifest.xml:34:25-66
235
236                <category android:name="android.intent.category.DEFAULT" />
236-->[com.google.firebase:firebase-auth:20.0.4] AndroidManifest.xml:36:17-76
236-->[com.google.firebase:firebase-auth:20.0.4] AndroidManifest.xml:36:27-73
237                <category android:name="android.intent.category.BROWSABLE" />
237-->[com.google.firebase:firebase-auth:20.0.4] AndroidManifest.xml:37:17-78
237-->[com.google.firebase:firebase-auth:20.0.4] AndroidManifest.xml:37:27-75
238
239                <data
239-->[com.google.firebase:firebase-auth:20.0.4] AndroidManifest.xml:39:17-42:51
240                    android:host="firebase.auth"
240-->[com.google.firebase:firebase-auth:20.0.4] AndroidManifest.xml:40:21-49
241                    android:path="/"
241-->[com.google.firebase:firebase-auth:20.0.4] AndroidManifest.xml:41:21-37
242                    android:scheme="recaptcha" />
242-->[com.google.firebase:firebase-auth:20.0.4] AndroidManifest.xml:42:21-48
243            </intent-filter>
244        </activity>
245
246        <service
246-->[com.google.firebase:firebase-auth:20.0.4] AndroidManifest.xml:64:9-73:19
247            android:name="com.google.firebase.auth.api.fallback.service.FirebaseAuthFallbackService"
247-->[com.google.firebase:firebase-auth:20.0.4] AndroidManifest.xml:65:13-101
248            android:enabled="true"
248-->[com.google.firebase:firebase-auth:20.0.4] AndroidManifest.xml:66:13-35
249            android:exported="false" >
249-->[com.google.firebase:firebase-auth:20.0.4] AndroidManifest.xml:67:13-37
250            <intent-filter>
250-->[com.google.firebase:firebase-auth:20.0.4] AndroidManifest.xml:68:13-72:29
251                <action android:name="com.google.firebase.auth.api.gms.service.START" />
251-->[com.google.firebase:firebase-auth:20.0.4] AndroidManifest.xml:69:17-89
251-->[com.google.firebase:firebase-auth:20.0.4] AndroidManifest.xml:69:25-86
252
253                <category android:name="android.intent.category.DEFAULT" />
253-->[com.google.firebase:firebase-auth:20.0.4] AndroidManifest.xml:36:17-76
253-->[com.google.firebase:firebase-auth:20.0.4] AndroidManifest.xml:36:27-73
254            </intent-filter>
255        </service>
256
257        <meta-data
257-->[com.onesignal:OneSignal:3.15.4] AndroidManifest.xml:49:9-51:51
258            android:name="onesignal_app_id"
258-->[com.onesignal:OneSignal:3.15.4] AndroidManifest.xml:50:13-44
259            android:value="eb7aacbe-3f03-4680-9735-af66500944fb" /> <!-- Deprecated - Pulled from OneSignal dashboard. -->
259-->[com.onesignal:OneSignal:3.15.4] AndroidManifest.xml:51:13-48
260        <meta-data
260-->[com.onesignal:OneSignal:3.15.4] AndroidManifest.xml:53:9-55:70
261            android:name="onesignal_google_project_number"
261-->[com.onesignal:OneSignal:3.15.4] AndroidManifest.xml:54:13-59
262            android:value="str:REMOTE" />
262-->[com.onesignal:OneSignal:3.15.4] AndroidManifest.xml:55:13-67
263
264        <receiver
264-->[com.onesignal:OneSignal:3.15.4] AndroidManifest.xml:57:9-67:20